Performing C SOURCE FILE Test HAVE_GCC_PREFERRED_STACK_BOUNDARY failed with the following output:
Change Dir: /home/standa/Desktop/Projekty/sdl2-vulkan-engine/cmake-build-release/CMakeFiles/CMakeTmp

Run Build Command(s):/home/standa/.local/share/JetBrains/Toolbox/apps/CLion/ch-0/223.8617.54/bin/ninja/linux/x64/ninja cmTC_af644 && [1/2] Building C object CMakeFiles/cmTC_af644.dir/src.c.o
FAILED: CMakeFiles/cmTC_af644.dir/src.c.o 
/usr/bin/cc -DHAVE_GCC_PREFERRED_STACK_BOUNDARY  -idirafter "/home/standa/Desktop/Projekty/sdl2-vulkan-engine/libs/sdl/src/video/khronos" -mpreferred-stack-boundary=2 -fdiagnostics-color=always -o CMakeFiles/cmTC_af644.dir/src.c.o -c /home/standa/Desktop/Projekty/sdl2-vulkan-engine/cmake-build-release/CMakeFiles/CMakeTmp/src.c
cc1: error: ‘-mpreferred-stack-boundary=2’ is not between 3 and 12
ninja: build stopped: subcommand failed.


Source file was:
int x = 0; int main(int argc, char **argv) { return 0; }
Performing C SOURCE FILE Test HAVE_ALTIVEC_H_HDR failed with the following output:
Change Dir: /home/standa/Desktop/Projekty/sdl2-vulkan-engine/cmake-build-release/CMakeFiles/CMakeTmp

Run Build Command(s):/home/standa/.local/share/JetBrains/Toolbox/apps/CLion/ch-0/223.8617.54/bin/ninja/linux/x64/ninja cmTC_28581 && [1/2] Building C object CMakeFiles/cmTC_28581.dir/src.c.o
FAILED: CMakeFiles/cmTC_28581.dir/src.c.o 
/usr/bin/cc -DHAVE_ALTIVEC_H_HDR  -idirafter "/home/standa/Desktop/Projekty/sdl2-vulkan-engine/libs/sdl/src/video/khronos" -maltivec -fdiagnostics-color=always -o CMakeFiles/cmTC_28581.dir/src.c.o -c /home/standa/Desktop/Projekty/sdl2-vulkan-engine/cmake-build-release/CMakeFiles/CMakeTmp/src.c
cc: error: unrecognized command-line option ‘-maltivec’
ninja: build stopped: subcommand failed.


Source file was:

          #include <altivec.h>
          vector unsigned int vzero() {
              return vec_splat_u32(0);
          }
          int main(int argc, char **argv) { return 0; }
Performing C SOURCE FILE Test HAVE_ALTIVEC failed with the following output:
Change Dir: /home/standa/Desktop/Projekty/sdl2-vulkan-engine/cmake-build-release/CMakeFiles/CMakeTmp

Run Build Command(s):/home/standa/.local/share/JetBrains/Toolbox/apps/CLion/ch-0/223.8617.54/bin/ninja/linux/x64/ninja cmTC_b221b && [1/2] Building C object CMakeFiles/cmTC_b221b.dir/src.c.o
FAILED: CMakeFiles/cmTC_b221b.dir/src.c.o 
/usr/bin/cc -DHAVE_ALTIVEC  -idirafter "/home/standa/Desktop/Projekty/sdl2-vulkan-engine/libs/sdl/src/video/khronos" -maltivec -fdiagnostics-color=always -o CMakeFiles/cmTC_b221b.dir/src.c.o -c /home/standa/Desktop/Projekty/sdl2-vulkan-engine/cmake-build-release/CMakeFiles/CMakeTmp/src.c
cc: error: unrecognized command-line option ‘-maltivec’
ninja: build stopped: subcommand failed.


Source file was:

          vector unsigned int vzero() {
              return vec_splat_u32(0);
          }
          int main(int argc, char **argv) { return 0; }
Determining if the include file libunwind.h exists failed with the following output:
Change Dir: /home/standa/Desktop/Projekty/sdl2-vulkan-engine/cmake-build-release/CMakeFiles/CMakeTmp

Run Build Command(s):/home/standa/.local/share/JetBrains/Toolbox/apps/CLion/ch-0/223.8617.54/bin/ninja/linux/x64/ninja cmTC_914e8 && [1/2] Building C object CMakeFiles/cmTC_914e8.dir/CheckIncludeFile.c.o
FAILED: CMakeFiles/cmTC_914e8.dir/CheckIncludeFile.c.o 
/usr/bin/cc   -idirafter "/home/standa/Desktop/Projekty/sdl2-vulkan-engine/libs/sdl/src/video/khronos"  -fdiagnostics-color=always -o CMakeFiles/cmTC_914e8.dir/CheckIncludeFile.c.o -c /home/standa/Desktop/Projekty/sdl2-vulkan-engine/cmake-build-release/CMakeFiles/CMakeTmp/CheckIncludeFile.c
/home/standa/Desktop/Projekty/sdl2-vulkan-engine/cmake-build-release/CMakeFiles/CMakeTmp/CheckIncludeFile.c:1:10: fatal error: libunwind.h: No such file or directory
    1 | #include <libunwind.h>
      |          ^~~~~~~~~~~~~
compilation terminated.
ninja: build stopped: subcommand failed.



Determining if the strlcpy exist failed with the following output:
Change Dir: /home/standa/Desktop/Projekty/sdl2-vulkan-engine/cmake-build-release/CMakeFiles/CMakeTmp

Run Build Command(s):/home/standa/.local/share/JetBrains/Toolbox/apps/CLion/ch-0/223.8617.54/bin/ninja/linux/x64/ninja cmTC_a0ac7 && [1/2] Building C object CMakeFiles/cmTC_a0ac7.dir/CheckSymbolExists.c.o
FAILED: CMakeFiles/cmTC_a0ac7.dir/CheckSymbolExists.c.o 
/usr/bin/cc   -idirafter "/home/standa/Desktop/Projekty/sdl2-vulkan-engine/libs/sdl/src/video/khronos"  -fdiagnostics-color=always -o CMakeFiles/cmTC_a0ac7.dir/CheckSymbolExists.c.o -c /home/standa/Desktop/Projekty/sdl2-vulkan-engine/cmake-build-release/CMakeFiles/CMakeTmp/CheckSymbolExists.c
/home/standa/Desktop/Projekty/sdl2-vulkan-engine/cmake-build-release/CMakeFiles/CMakeTmp/CheckSymbolExists.c: In function ‘main’:
/home/standa/Desktop/Projekty/sdl2-vulkan-engine/cmake-build-release/CMakeFiles/CMakeTmp/CheckSymbolExists.c:14:19: error: ‘strlcpy’ undeclared (first use in this function); did you mean ‘strncpy’?
   14 |   return ((int*)(&strlcpy))[argc];
      |                   ^~~~~~~
      |                   strncpy
/home/standa/Desktop/Projekty/sdl2-vulkan-engine/cmake-build-release/CMakeFiles/CMakeTmp/CheckSymbolExists.c:14:19: note: each undeclared identifier is reported only once for each function it appears in
ninja: build stopped: subcommand failed.


File /home/standa/Desktop/Projekty/sdl2-vulkan-engine/cmake-build-release/CMakeFiles/CMakeTmp/CheckSymbolExists.c:
/* */
#include <stddef.h>
#include <stdarg.h>
#include <stdlib.h>
#include <string.h>
#include <stdio.h>
#include <wchar.h>
#include <float.h>

int main(int argc, char** argv)
{
  (void)argv;
#ifndef strlcpy
  return ((int*)(&strlcpy))[argc];
#else
  (void)argc;
  return 0;
#endif
}
Determining if the strlcat exist failed with the following output:
Change Dir: /home/standa/Desktop/Projekty/sdl2-vulkan-engine/cmake-build-release/CMakeFiles/CMakeTmp

Run Build Command(s):/home/standa/.local/share/JetBrains/Toolbox/apps/CLion/ch-0/223.8617.54/bin/ninja/linux/x64/ninja cmTC_ea419 && [1/2] Building C object CMakeFiles/cmTC_ea419.dir/CheckSymbolExists.c.o
FAILED: CMakeFiles/cmTC_ea419.dir/CheckSymbolExists.c.o 
/usr/bin/cc   -idirafter "/home/standa/Desktop/Projekty/sdl2-vulkan-engine/libs/sdl/src/video/khronos"  -fdiagnostics-color=always -o CMakeFiles/cmTC_ea419.dir/CheckSymbolExists.c.o -c /home/standa/Desktop/Projekty/sdl2-vulkan-engine/cmake-build-release/CMakeFiles/CMakeTmp/CheckSymbolExists.c
/home/standa/Desktop/Projekty/sdl2-vulkan-engine/cmake-build-release/CMakeFiles/CMakeTmp/CheckSymbolExists.c: In function ‘main’:
/home/standa/Desktop/Projekty/sdl2-vulkan-engine/cmake-build-release/CMakeFiles/CMakeTmp/CheckSymbolExists.c:14:19: error: ‘strlcat’ undeclared (first use in this function); did you mean ‘strncat’?
   14 |   return ((int*)(&strlcat))[argc];
      |                   ^~~~~~~
      |                   strncat
/home/standa/Desktop/Projekty/sdl2-vulkan-engine/cmake-build-release/CMakeFiles/CMakeTmp/CheckSymbolExists.c:14:19: note: each undeclared identifier is reported only once for each function it appears in
ninja: build stopped: subcommand failed.


File /home/standa/Desktop/Projekty/sdl2-vulkan-engine/cmake-build-release/CMakeFiles/CMakeTmp/CheckSymbolExists.c:
/* */
#include <stddef.h>
#include <stdarg.h>
#include <stdlib.h>
#include <string.h>
#include <stdio.h>
#include <wchar.h>
#include <float.h>

int main(int argc, char** argv)
{
  (void)argv;
#ifndef strlcat
  return ((int*)(&strlcat))[argc];
#else
  (void)argc;
  return 0;
#endif
}
Determining if the _strrev exist failed with the following output:
Change Dir: /home/standa/Desktop/Projekty/sdl2-vulkan-engine/cmake-build-release/CMakeFiles/CMakeTmp

Run Build Command(s):/home/standa/.local/share/JetBrains/Toolbox/apps/CLion/ch-0/223.8617.54/bin/ninja/linux/x64/ninja cmTC_fadb5 && [1/2] Building C object CMakeFiles/cmTC_fadb5.dir/CheckSymbolExists.c.o
FAILED: CMakeFiles/cmTC_fadb5.dir/CheckSymbolExists.c.o 
/usr/bin/cc   -idirafter "/home/standa/Desktop/Projekty/sdl2-vulkan-engine/libs/sdl/src/video/khronos"  -fdiagnostics-color=always -o CMakeFiles/cmTC_fadb5.dir/CheckSymbolExists.c.o -c /home/standa/Desktop/Projekty/sdl2-vulkan-engine/cmake-build-release/CMakeFiles/CMakeTmp/CheckSymbolExists.c
/home/standa/Desktop/Projekty/sdl2-vulkan-engine/cmake-build-release/CMakeFiles/CMakeTmp/CheckSymbolExists.c: In function ‘main’:
/home/standa/Desktop/Projekty/sdl2-vulkan-engine/cmake-build-release/CMakeFiles/CMakeTmp/CheckSymbolExists.c:14:19: error: ‘_strrev’ undeclared (first use in this function)
   14 |   return ((int*)(&_strrev))[argc];
      |                   ^~~~~~~
/home/standa/Desktop/Projekty/sdl2-vulkan-engine/cmake-build-release/CMakeFiles/CMakeTmp/CheckSymbolExists.c:14:19: note: each undeclared identifier is reported only once for each function it appears in
ninja: build stopped: subcommand failed.


File /home/standa/Desktop/Projekty/sdl2-vulkan-engine/cmake-build-release/CMakeFiles/CMakeTmp/CheckSymbolExists.c:
/* */
#include <stddef.h>
#include <stdarg.h>
#include <stdlib.h>
#include <string.h>
#include <stdio.h>
#include <wchar.h>
#include <float.h>

int main(int argc, char** argv)
{
  (void)argv;
#ifndef _strrev
  return ((int*)(&_strrev))[argc];
#else
  (void)argc;
  return 0;
#endif
}
Determining if the _strupr exist failed with the following output:
Change Dir: /home/standa/Desktop/Projekty/sdl2-vulkan-engine/cmake-build-release/CMakeFiles/CMakeTmp

Run Build Command(s):/home/standa/.local/share/JetBrains/Toolbox/apps/CLion/ch-0/223.8617.54/bin/ninja/linux/x64/ninja cmTC_d665b && [1/2] Building C object CMakeFiles/cmTC_d665b.dir/CheckSymbolExists.c.o
FAILED: CMakeFiles/cmTC_d665b.dir/CheckSymbolExists.c.o 
/usr/bin/cc   -idirafter "/home/standa/Desktop/Projekty/sdl2-vulkan-engine/libs/sdl/src/video/khronos"  -fdiagnostics-color=always -o CMakeFiles/cmTC_d665b.dir/CheckSymbolExists.c.o -c /home/standa/Desktop/Projekty/sdl2-vulkan-engine/cmake-build-release/CMakeFiles/CMakeTmp/CheckSymbolExists.c
/home/standa/Desktop/Projekty/sdl2-vulkan-engine/cmake-build-release/CMakeFiles/CMakeTmp/CheckSymbolExists.c: In function ‘main’:
/home/standa/Desktop/Projekty/sdl2-vulkan-engine/cmake-build-release/CMakeFiles/CMakeTmp/CheckSymbolExists.c:14:19: error: ‘_strupr’ undeclared (first use in this function)
   14 |   return ((int*)(&_strupr))[argc];
      |                   ^~~~~~~
/home/standa/Desktop/Projekty/sdl2-vulkan-engine/cmake-build-release/CMakeFiles/CMakeTmp/CheckSymbolExists.c:14:19: note: each undeclared identifier is reported only once for each function it appears in
ninja: build stopped: subcommand failed.


File /home/standa/Desktop/Projekty/sdl2-vulkan-engine/cmake-build-release/CMakeFiles/CMakeTmp/CheckSymbolExists.c:
/* */
#include <stddef.h>
#include <stdarg.h>
#include <stdlib.h>
#include <string.h>
#include <stdio.h>
#include <wchar.h>
#include <float.h>

int main(int argc, char** argv)
{
  (void)argv;
#ifndef _strupr
  return ((int*)(&_strupr))[argc];
#else
  (void)argc;
  return 0;
#endif
}
Determining if the _strlwr exist failed with the following output:
Change Dir: /home/standa/Desktop/Projekty/sdl2-vulkan-engine/cmake-build-release/CMakeFiles/CMakeTmp

Run Build Command(s):/home/standa/.local/share/JetBrains/Toolbox/apps/CLion/ch-0/223.8617.54/bin/ninja/linux/x64/ninja cmTC_d5b1a && [1/2] Building C object CMakeFiles/cmTC_d5b1a.dir/CheckSymbolExists.c.o
FAILED: CMakeFiles/cmTC_d5b1a.dir/CheckSymbolExists.c.o 
/usr/bin/cc   -idirafter "/home/standa/Desktop/Projekty/sdl2-vulkan-engine/libs/sdl/src/video/khronos"  -fdiagnostics-color=always -o CMakeFiles/cmTC_d5b1a.dir/CheckSymbolExists.c.o -c /home/standa/Desktop/Projekty/sdl2-vulkan-engine/cmake-build-release/CMakeFiles/CMakeTmp/CheckSymbolExists.c
/home/standa/Desktop/Projekty/sdl2-vulkan-engine/cmake-build-release/CMakeFiles/CMakeTmp/CheckSymbolExists.c: In function ‘main’:
/home/standa/Desktop/Projekty/sdl2-vulkan-engine/cmake-build-release/CMakeFiles/CMakeTmp/CheckSymbolExists.c:14:19: error: ‘_strlwr’ undeclared (first use in this function)
   14 |   return ((int*)(&_strlwr))[argc];
      |                   ^~~~~~~
/home/standa/Desktop/Projekty/sdl2-vulkan-engine/cmake-build-release/CMakeFiles/CMakeTmp/CheckSymbolExists.c:14:19: note: each undeclared identifier is reported only once for each function it appears in
ninja: build stopped: subcommand failed.


File /home/standa/Desktop/Projekty/sdl2-vulkan-engine/cmake-build-release/CMakeFiles/CMakeTmp/CheckSymbolExists.c:
/* */
#include <stddef.h>
#include <stdarg.h>
#include <stdlib.h>
#include <string.h>
#include <stdio.h>
#include <wchar.h>
#include <float.h>

int main(int argc, char** argv)
{
  (void)argv;
#ifndef _strlwr
  return ((int*)(&_strlwr))[argc];
#else
  (void)argc;
  return 0;
#endif
}
Determining if the itoa exist failed with the following output:
Change Dir: /home/standa/Desktop/Projekty/sdl2-vulkan-engine/cmake-build-release/CMakeFiles/CMakeTmp

Run Build Command(s):/home/standa/.local/share/JetBrains/Toolbox/apps/CLion/ch-0/223.8617.54/bin/ninja/linux/x64/ninja cmTC_a9987 && [1/2] Building C object CMakeFiles/cmTC_a9987.dir/CheckSymbolExists.c.o
FAILED: CMakeFiles/cmTC_a9987.dir/CheckSymbolExists.c.o 
/usr/bin/cc   -idirafter "/home/standa/Desktop/Projekty/sdl2-vulkan-engine/libs/sdl/src/video/khronos"  -fdiagnostics-color=always -o CMakeFiles/cmTC_a9987.dir/CheckSymbolExists.c.o -c /home/standa/Desktop/Projekty/sdl2-vulkan-engine/cmake-build-release/CMakeFiles/CMakeTmp/CheckSymbolExists.c
/home/standa/Desktop/Projekty/sdl2-vulkan-engine/cmake-build-release/CMakeFiles/CMakeTmp/CheckSymbolExists.c: In function ‘main’:
/home/standa/Desktop/Projekty/sdl2-vulkan-engine/cmake-build-release/CMakeFiles/CMakeTmp/CheckSymbolExists.c:14:19: error: ‘itoa’ undeclared (first use in this function)
   14 |   return ((int*)(&itoa))[argc];
      |                   ^~~~
/home/standa/Desktop/Projekty/sdl2-vulkan-engine/cmake-build-release/CMakeFiles/CMakeTmp/CheckSymbolExists.c:14:19: note: each undeclared identifier is reported only once for each function it appears in
ninja: build stopped: subcommand failed.


File /home/standa/Desktop/Projekty/sdl2-vulkan-engine/cmake-build-release/CMakeFiles/CMakeTmp/CheckSymbolExists.c:
/* */
#include <stddef.h>
#include <stdarg.h>
#include <stdlib.h>
#include <string.h>
#include <stdio.h>
#include <wchar.h>
#include <float.h>

int main(int argc, char** argv)
{
  (void)argv;
#ifndef itoa
  return ((int*)(&itoa))[argc];
#else
  (void)argc;
  return 0;
#endif
}
Determining if the _ltoa exist failed with the following output:
Change Dir: /home/standa/Desktop/Projekty/sdl2-vulkan-engine/cmake-build-release/CMakeFiles/CMakeTmp

Run Build Command(s):/home/standa/.local/share/JetBrains/Toolbox/apps/CLion/ch-0/223.8617.54/bin/ninja/linux/x64/ninja cmTC_dbfa1 && [1/2] Building C object CMakeFiles/cmTC_dbfa1.dir/CheckSymbolExists.c.o
FAILED: CMakeFiles/cmTC_dbfa1.dir/CheckSymbolExists.c.o 
/usr/bin/cc   -idirafter "/home/standa/Desktop/Projekty/sdl2-vulkan-engine/libs/sdl/src/video/khronos"  -fdiagnostics-color=always -o CMakeFiles/cmTC_dbfa1.dir/CheckSymbolExists.c.o -c /home/standa/Desktop/Projekty/sdl2-vulkan-engine/cmake-build-release/CMakeFiles/CMakeTmp/CheckSymbolExists.c
/home/standa/Desktop/Projekty/sdl2-vulkan-engine/cmake-build-release/CMakeFiles/CMakeTmp/CheckSymbolExists.c: In function ‘main’:
/home/standa/Desktop/Projekty/sdl2-vulkan-engine/cmake-build-release/CMakeFiles/CMakeTmp/CheckSymbolExists.c:14:19: error: ‘_ltoa’ undeclared (first use in this function)
   14 |   return ((int*)(&_ltoa))[argc];
      |                   ^~~~~
/home/standa/Desktop/Projekty/sdl2-vulkan-engine/cmake-build-release/CMakeFiles/CMakeTmp/CheckSymbolExists.c:14:19: note: each undeclared identifier is reported only once for each function it appears in
ninja: build stopped: subcommand failed.


File /home/standa/Desktop/Projekty/sdl2-vulkan-engine/cmake-build-release/CMakeFiles/CMakeTmp/CheckSymbolExists.c:
/* */
#include <stddef.h>
#include <stdarg.h>
#include <stdlib.h>
#include <string.h>
#include <stdio.h>
#include <wchar.h>
#include <float.h>

int main(int argc, char** argv)
{
  (void)argv;
#ifndef _ltoa
  return ((int*)(&_ltoa))[argc];
#else
  (void)argc;
  return 0;
#endif
}
Determining if the _uitoa exist failed with the following output:
Change Dir: /home/standa/Desktop/Projekty/sdl2-vulkan-engine/cmake-build-release/CMakeFiles/CMakeTmp

Run Build Command(s):/home/standa/.local/share/JetBrains/Toolbox/apps/CLion/ch-0/223.8617.54/bin/ninja/linux/x64/ninja cmTC_a928b && [1/2] Building C object CMakeFiles/cmTC_a928b.dir/CheckSymbolExists.c.o
FAILED: CMakeFiles/cmTC_a928b.dir/CheckSymbolExists.c.o 
/usr/bin/cc   -idirafter "/home/standa/Desktop/Projekty/sdl2-vulkan-engine/libs/sdl/src/video/khronos"  -fdiagnostics-color=always -o CMakeFiles/cmTC_a928b.dir/CheckSymbolExists.c.o -c /home/standa/Desktop/Projekty/sdl2-vulkan-engine/cmake-build-release/CMakeFiles/CMakeTmp/CheckSymbolExists.c
/home/standa/Desktop/Projekty/sdl2-vulkan-engine/cmake-build-release/CMakeFiles/CMakeTmp/CheckSymbolExists.c: In function ‘main’:
/home/standa/Desktop/Projekty/sdl2-vulkan-engine/cmake-build-release/CMakeFiles/CMakeTmp/CheckSymbolExists.c:14:19: error: ‘_uitoa’ undeclared (first use in this function)
   14 |   return ((int*)(&_uitoa))[argc];
      |                   ^~~~~~
/home/standa/Desktop/Projekty/sdl2-vulkan-engine/cmake-build-release/CMakeFiles/CMakeTmp/CheckSymbolExists.c:14:19: note: each undeclared identifier is reported only once for each function it appears in
ninja: build stopped: subcommand failed.


File /home/standa/Desktop/Projekty/sdl2-vulkan-engine/cmake-build-release/CMakeFiles/CMakeTmp/CheckSymbolExists.c:
/* */
#include <stddef.h>
#include <stdarg.h>
#include <stdlib.h>
#include <string.h>
#include <stdio.h>
#include <wchar.h>
#include <float.h>

int main(int argc, char** argv)
{
  (void)argv;
#ifndef _uitoa
  return ((int*)(&_uitoa))[argc];
#else
  (void)argc;
  return 0;
#endif
}
Determining if the _ultoa exist failed with the following output:
Change Dir: /home/standa/Desktop/Projekty/sdl2-vulkan-engine/cmake-build-release/CMakeFiles/CMakeTmp

Run Build Command(s):/home/standa/.local/share/JetBrains/Toolbox/apps/CLion/ch-0/223.8617.54/bin/ninja/linux/x64/ninja cmTC_349ac && [1/2] Building C object CMakeFiles/cmTC_349ac.dir/CheckSymbolExists.c.o
FAILED: CMakeFiles/cmTC_349ac.dir/CheckSymbolExists.c.o 
/usr/bin/cc   -idirafter "/home/standa/Desktop/Projekty/sdl2-vulkan-engine/libs/sdl/src/video/khronos"  -fdiagnostics-color=always -o CMakeFiles/cmTC_349ac.dir/CheckSymbolExists.c.o -c /home/standa/Desktop/Projekty/sdl2-vulkan-engine/cmake-build-release/CMakeFiles/CMakeTmp/CheckSymbolExists.c
/home/standa/Desktop/Projekty/sdl2-vulkan-engine/cmake-build-release/CMakeFiles/CMakeTmp/CheckSymbolExists.c: In function ‘main’:
/home/standa/Desktop/Projekty/sdl2-vulkan-engine/cmake-build-release/CMakeFiles/CMakeTmp/CheckSymbolExists.c:14:19: error: ‘_ultoa’ undeclared (first use in this function)
   14 |   return ((int*)(&_ultoa))[argc];
      |                   ^~~~~~
/home/standa/Desktop/Projekty/sdl2-vulkan-engine/cmake-build-release/CMakeFiles/CMakeTmp/CheckSymbolExists.c:14:19: note: each undeclared identifier is reported only once for each function it appears in
ninja: build stopped: subcommand failed.


File /home/standa/Desktop/Projekty/sdl2-vulkan-engine/cmake-build-release/CMakeFiles/CMakeTmp/CheckSymbolExists.c:
/* */
#include <stddef.h>
#include <stdarg.h>
#include <stdlib.h>
#include <string.h>
#include <stdio.h>
#include <wchar.h>
#include <float.h>

int main(int argc, char** argv)
{
  (void)argv;
#ifndef _ultoa
  return ((int*)(&_ultoa))[argc];
#else
  (void)argc;
  return 0;
#endif
}
Determining if the _i64toa exist failed with the following output:
Change Dir: /home/standa/Desktop/Projekty/sdl2-vulkan-engine/cmake-build-release/CMakeFiles/CMakeTmp

Run Build Command(s):/home/standa/.local/share/JetBrains/Toolbox/apps/CLion/ch-0/223.8617.54/bin/ninja/linux/x64/ninja cmTC_62ffb && [1/2] Building C object CMakeFiles/cmTC_62ffb.dir/CheckSymbolExists.c.o
FAILED: CMakeFiles/cmTC_62ffb.dir/CheckSymbolExists.c.o 
/usr/bin/cc   -idirafter "/home/standa/Desktop/Projekty/sdl2-vulkan-engine/libs/sdl/src/video/khronos"  -fdiagnostics-color=always -o CMakeFiles/cmTC_62ffb.dir/CheckSymbolExists.c.o -c /home/standa/Desktop/Projekty/sdl2-vulkan-engine/cmake-build-release/CMakeFiles/CMakeTmp/CheckSymbolExists.c
/home/standa/Desktop/Projekty/sdl2-vulkan-engine/cmake-build-release/CMakeFiles/CMakeTmp/CheckSymbolExists.c: In function ‘main’:
/home/standa/Desktop/Projekty/sdl2-vulkan-engine/cmake-build-release/CMakeFiles/CMakeTmp/CheckSymbolExists.c:14:19: error: ‘_i64toa’ undeclared (first use in this function)
   14 |   return ((int*)(&_i64toa))[argc];
      |                   ^~~~~~~
/home/standa/Desktop/Projekty/sdl2-vulkan-engine/cmake-build-release/CMakeFiles/CMakeTmp/CheckSymbolExists.c:14:19: note: each undeclared identifier is reported only once for each function it appears in
ninja: build stopped: subcommand failed.


File /home/standa/Desktop/Projekty/sdl2-vulkan-engine/cmake-build-release/CMakeFiles/CMakeTmp/CheckSymbolExists.c:
/* */
#include <stddef.h>
#include <stdarg.h>
#include <stdlib.h>
#include <string.h>
#include <stdio.h>
#include <wchar.h>
#include <float.h>

int main(int argc, char** argv)
{
  (void)argv;
#ifndef _i64toa
  return ((int*)(&_i64toa))[argc];
#else
  (void)argc;
  return 0;
#endif
}
Determining if the _ui64toa exist failed with the following output:
Change Dir: /home/standa/Desktop/Projekty/sdl2-vulkan-engine/cmake-build-release/CMakeFiles/CMakeTmp

Run Build Command(s):/home/standa/.local/share/JetBrains/Toolbox/apps/CLion/ch-0/223.8617.54/bin/ninja/linux/x64/ninja cmTC_3dd3f && [1/2] Building C object CMakeFiles/cmTC_3dd3f.dir/CheckSymbolExists.c.o
FAILED: CMakeFiles/cmTC_3dd3f.dir/CheckSymbolExists.c.o 
/usr/bin/cc   -idirafter "/home/standa/Desktop/Projekty/sdl2-vulkan-engine/libs/sdl/src/video/khronos"  -fdiagnostics-color=always -o CMakeFiles/cmTC_3dd3f.dir/CheckSymbolExists.c.o -c /home/standa/Desktop/Projekty/sdl2-vulkan-engine/cmake-build-release/CMakeFiles/CMakeTmp/CheckSymbolExists.c
/home/standa/Desktop/Projekty/sdl2-vulkan-engine/cmake-build-release/CMakeFiles/CMakeTmp/CheckSymbolExists.c: In function ‘main’:
/home/standa/Desktop/Projekty/sdl2-vulkan-engine/cmake-build-release/CMakeFiles/CMakeTmp/CheckSymbolExists.c:14:19: error: ‘_ui64toa’ undeclared (first use in this function)
   14 |   return ((int*)(&_ui64toa))[argc];
      |                   ^~~~~~~~
/home/standa/Desktop/Projekty/sdl2-vulkan-engine/cmake-build-release/CMakeFiles/CMakeTmp/CheckSymbolExists.c:14:19: note: each undeclared identifier is reported only once for each function it appears in
ninja: build stopped: subcommand failed.


File /home/standa/Desktop/Projekty/sdl2-vulkan-engine/cmake-build-release/CMakeFiles/CMakeTmp/CheckSymbolExists.c:
/* */
#include <stddef.h>
#include <stdarg.h>
#include <stdlib.h>
#include <string.h>
#include <stdio.h>
#include <wchar.h>
#include <float.h>

int main(int argc, char** argv)
{
  (void)argv;
#ifndef _ui64toa
  return ((int*)(&_ui64toa))[argc];
#else
  (void)argc;
  return 0;
#endif
}
Determining if the _stricmp exist failed with the following output:
Change Dir: /home/standa/Desktop/Projekty/sdl2-vulkan-engine/cmake-build-release/CMakeFiles/CMakeTmp

Run Build Command(s):/home/standa/.local/share/JetBrains/Toolbox/apps/CLion/ch-0/223.8617.54/bin/ninja/linux/x64/ninja cmTC_4f175 && [1/2] Building C object CMakeFiles/cmTC_4f175.dir/CheckSymbolExists.c.o
FAILED: CMakeFiles/cmTC_4f175.dir/CheckSymbolExists.c.o 
/usr/bin/cc   -idirafter "/home/standa/Desktop/Projekty/sdl2-vulkan-engine/libs/sdl/src/video/khronos"  -fdiagnostics-color=always -o CMakeFiles/cmTC_4f175.dir/CheckSymbolExists.c.o -c /home/standa/Desktop/Projekty/sdl2-vulkan-engine/cmake-build-release/CMakeFiles/CMakeTmp/CheckSymbolExists.c
/home/standa/Desktop/Projekty/sdl2-vulkan-engine/cmake-build-release/CMakeFiles/CMakeTmp/CheckSymbolExists.c: In function ‘main’:
/home/standa/Desktop/Projekty/sdl2-vulkan-engine/cmake-build-release/CMakeFiles/CMakeTmp/CheckSymbolExists.c:14:19: error: ‘_stricmp’ undeclared (first use in this function); did you mean ‘strncmp’?
   14 |   return ((int*)(&_stricmp))[argc];
      |                   ^~~~~~~~
      |                   strncmp
/home/standa/Desktop/Projekty/sdl2-vulkan-engine/cmake-build-release/CMakeFiles/CMakeTmp/CheckSymbolExists.c:14:19: note: each undeclared identifier is reported only once for each function it appears in
ninja: build stopped: subcommand failed.


File /home/standa/Desktop/Projekty/sdl2-vulkan-engine/cmake-build-release/CMakeFiles/CMakeTmp/CheckSymbolExists.c:
/* */
#include <stddef.h>
#include <stdarg.h>
#include <stdlib.h>
#include <string.h>
#include <stdio.h>
#include <wchar.h>
#include <float.h>

int main(int argc, char** argv)
{
  (void)argv;
#ifndef _stricmp
  return ((int*)(&_stricmp))[argc];
#else
  (void)argc;
  return 0;
#endif
}
Determining if the _strnicmp exist failed with the following output:
Change Dir: /home/standa/Desktop/Projekty/sdl2-vulkan-engine/cmake-build-release/CMakeFiles/CMakeTmp

Run Build Command(s):/home/standa/.local/share/JetBrains/Toolbox/apps/CLion/ch-0/223.8617.54/bin/ninja/linux/x64/ninja cmTC_9cc7a && [1/2] Building C object CMakeFiles/cmTC_9cc7a.dir/CheckSymbolExists.c.o
FAILED: CMakeFiles/cmTC_9cc7a.dir/CheckSymbolExists.c.o 
/usr/bin/cc   -idirafter "/home/standa/Desktop/Projekty/sdl2-vulkan-engine/libs/sdl/src/video/khronos"  -fdiagnostics-color=always -o CMakeFiles/cmTC_9cc7a.dir/CheckSymbolExists.c.o -c /home/standa/Desktop/Projekty/sdl2-vulkan-engine/cmake-build-release/CMakeFiles/CMakeTmp/CheckSymbolExists.c
/home/standa/Desktop/Projekty/sdl2-vulkan-engine/cmake-build-release/CMakeFiles/CMakeTmp/CheckSymbolExists.c: In function ‘main’:
/home/standa/Desktop/Projekty/sdl2-vulkan-engine/cmake-build-release/CMakeFiles/CMakeTmp/CheckSymbolExists.c:14:19: error: ‘_strnicmp’ undeclared (first use in this function); did you mean ‘strncmp’?
   14 |   return ((int*)(&_strnicmp))[argc];
      |                   ^~~~~~~~~
      |                   strncmp
/home/standa/Desktop/Projekty/sdl2-vulkan-engine/cmake-build-release/CMakeFiles/CMakeTmp/CheckSymbolExists.c:14:19: note: each undeclared identifier is reported only once for each function it appears in
ninja: build stopped: subcommand failed.


File /home/standa/Desktop/Projekty/sdl2-vulkan-engine/cmake-build-release/CMakeFiles/CMakeTmp/CheckSymbolExists.c:
/* */
#include <stddef.h>
#include <stdarg.h>
#include <stdlib.h>
#include <string.h>
#include <stdio.h>
#include <wchar.h>
#include <float.h>

int main(int argc, char** argv)
{
  (void)argv;
#ifndef _strnicmp
  return ((int*)(&_strnicmp))[argc];
#else
  (void)argc;
  return 0;
#endif
}
Determining if the _wcsdup exist failed with the following output:
Change Dir: /home/standa/Desktop/Projekty/sdl2-vulkan-engine/cmake-build-release/CMakeFiles/CMakeTmp

Run Build Command(s):/home/standa/.local/share/JetBrains/Toolbox/apps/CLion/ch-0/223.8617.54/bin/ninja/linux/x64/ninja cmTC_1e466 && [1/2] Building C object CMakeFiles/cmTC_1e466.dir/CheckSymbolExists.c.o
FAILED: CMakeFiles/cmTC_1e466.dir/CheckSymbolExists.c.o 
/usr/bin/cc   -idirafter "/home/standa/Desktop/Projekty/sdl2-vulkan-engine/libs/sdl/src/video/khronos"  -fdiagnostics-color=always -o CMakeFiles/cmTC_1e466.dir/CheckSymbolExists.c.o -c /home/standa/Desktop/Projekty/sdl2-vulkan-engine/cmake-build-release/CMakeFiles/CMakeTmp/CheckSymbolExists.c
/home/standa/Desktop/Projekty/sdl2-vulkan-engine/cmake-build-release/CMakeFiles/CMakeTmp/CheckSymbolExists.c: In function ‘main’:
/home/standa/Desktop/Projekty/sdl2-vulkan-engine/cmake-build-release/CMakeFiles/CMakeTmp/CheckSymbolExists.c:14:19: error: ‘_wcsdup’ undeclared (first use in this function); did you mean ‘wcsdup’?
   14 |   return ((int*)(&_wcsdup))[argc];
      |                   ^~~~~~~
      |                   wcsdup
/home/standa/Desktop/Projekty/sdl2-vulkan-engine/cmake-build-release/CMakeFiles/CMakeTmp/CheckSymbolExists.c:14:19: note: each undeclared identifier is reported only once for each function it appears in
ninja: build stopped: subcommand failed.


File /home/standa/Desktop/Projekty/sdl2-vulkan-engine/cmake-build-release/CMakeFiles/CMakeTmp/CheckSymbolExists.c:
/* */
#include <stddef.h>
#include <stdarg.h>
#include <stdlib.h>
#include <string.h>
#include <stdio.h>
#include <wchar.h>
#include <float.h>

int main(int argc, char** argv)
{
  (void)argv;
#ifndef _wcsdup
  return ((int*)(&_wcsdup))[argc];
#else
  (void)argc;
  return 0;
#endif
}
Determining if the wcslcat exist failed with the following output:
Change Dir: /home/standa/Desktop/Projekty/sdl2-vulkan-engine/cmake-build-release/CMakeFiles/CMakeTmp

Run Build Command(s):/home/standa/.local/share/JetBrains/Toolbox/apps/CLion/ch-0/223.8617.54/bin/ninja/linux/x64/ninja cmTC_59683 && [1/2] Building C object CMakeFiles/cmTC_59683.dir/CheckSymbolExists.c.o
FAILED: CMakeFiles/cmTC_59683.dir/CheckSymbolExists.c.o 
/usr/bin/cc   -idirafter "/home/standa/Desktop/Projekty/sdl2-vulkan-engine/libs/sdl/src/video/khronos"  -fdiagnostics-color=always -o CMakeFiles/cmTC_59683.dir/CheckSymbolExists.c.o -c /home/standa/Desktop/Projekty/sdl2-vulkan-engine/cmake-build-release/CMakeFiles/CMakeTmp/CheckSymbolExists.c
/home/standa/Desktop/Projekty/sdl2-vulkan-engine/cmake-build-release/CMakeFiles/CMakeTmp/CheckSymbolExists.c: In function ‘main’:
/home/standa/Desktop/Projekty/sdl2-vulkan-engine/cmake-build-release/CMakeFiles/CMakeTmp/CheckSymbolExists.c:14:19: error: ‘wcslcat’ undeclared (first use in this function); did you mean ‘wcsncat’?
   14 |   return ((int*)(&wcslcat))[argc];
      |                   ^~~~~~~
      |                   wcsncat
/home/standa/Desktop/Projekty/sdl2-vulkan-engine/cmake-build-release/CMakeFiles/CMakeTmp/CheckSymbolExists.c:14:19: note: each undeclared identifier is reported only once for each function it appears in
ninja: build stopped: subcommand failed.


File /home/standa/Desktop/Projekty/sdl2-vulkan-engine/cmake-build-release/CMakeFiles/CMakeTmp/CheckSymbolExists.c:
/* */
#include <stddef.h>
#include <stdarg.h>
#include <stdlib.h>
#include <string.h>
#include <stdio.h>
#include <wchar.h>
#include <float.h>

int main(int argc, char** argv)
{
  (void)argv;
#ifndef wcslcat
  return ((int*)(&wcslcat))[argc];
#else
  (void)argc;
  return 0;
#endif
}
Determining if the wcslcpy exist failed with the following output:
Change Dir: /home/standa/Desktop/Projekty/sdl2-vulkan-engine/cmake-build-release/CMakeFiles/CMakeTmp

Run Build Command(s):/home/standa/.local/share/JetBrains/Toolbox/apps/CLion/ch-0/223.8617.54/bin/ninja/linux/x64/ninja cmTC_1a4f6 && [1/2] Building C object CMakeFiles/cmTC_1a4f6.dir/CheckSymbolExists.c.o
FAILED: CMakeFiles/cmTC_1a4f6.dir/CheckSymbolExists.c.o 
/usr/bin/cc   -idirafter "/home/standa/Desktop/Projekty/sdl2-vulkan-engine/libs/sdl/src/video/khronos"  -fdiagnostics-color=always -o CMakeFiles/cmTC_1a4f6.dir/CheckSymbolExists.c.o -c /home/standa/Desktop/Projekty/sdl2-vulkan-engine/cmake-build-release/CMakeFiles/CMakeTmp/CheckSymbolExists.c
/home/standa/Desktop/Projekty/sdl2-vulkan-engine/cmake-build-release/CMakeFiles/CMakeTmp/CheckSymbolExists.c: In function ‘main’:
/home/standa/Desktop/Projekty/sdl2-vulkan-engine/cmake-build-release/CMakeFiles/CMakeTmp/CheckSymbolExists.c:14:19: error: ‘wcslcpy’ undeclared (first use in this function); did you mean ‘wcsncpy’?
   14 |   return ((int*)(&wcslcpy))[argc];
      |                   ^~~~~~~
      |                   wcsncpy
/home/standa/Desktop/Projekty/sdl2-vulkan-engine/cmake-build-release/CMakeFiles/CMakeTmp/CheckSymbolExists.c:14:19: note: each undeclared identifier is reported only once for each function it appears in
ninja: build stopped: subcommand failed.


File /home/standa/Desktop/Projekty/sdl2-vulkan-engine/cmake-build-release/CMakeFiles/CMakeTmp/CheckSymbolExists.c:
/* */
#include <stddef.h>
#include <stdarg.h>
#include <stdlib.h>
#include <string.h>
#include <stdio.h>
#include <wchar.h>
#include <float.h>

int main(int argc, char** argv)
{
  (void)argv;
#ifndef wcslcpy
  return ((int*)(&wcslcpy))[argc];
#else
  (void)argc;
  return 0;
#endif
}
Determining if the _wcsicmp exist failed with the following output:
Change Dir: /home/standa/Desktop/Projekty/sdl2-vulkan-engine/cmake-build-release/CMakeFiles/CMakeTmp

Run Build Command(s):/home/standa/.local/share/JetBrains/Toolbox/apps/CLion/ch-0/223.8617.54/bin/ninja/linux/x64/ninja cmTC_25cac && [1/2] Building C object CMakeFiles/cmTC_25cac.dir/CheckSymbolExists.c.o
FAILED: CMakeFiles/cmTC_25cac.dir/CheckSymbolExists.c.o 
/usr/bin/cc   -idirafter "/home/standa/Desktop/Projekty/sdl2-vulkan-engine/libs/sdl/src/video/khronos"  -fdiagnostics-color=always -o CMakeFiles/cmTC_25cac.dir/CheckSymbolExists.c.o -c /home/standa/Desktop/Projekty/sdl2-vulkan-engine/cmake-build-release/CMakeFiles/CMakeTmp/CheckSymbolExists.c
/home/standa/Desktop/Projekty/sdl2-vulkan-engine/cmake-build-release/CMakeFiles/CMakeTmp/CheckSymbolExists.c: In function ‘main’:
/home/standa/Desktop/Projekty/sdl2-vulkan-engine/cmake-build-release/CMakeFiles/CMakeTmp/CheckSymbolExists.c:14:19: error: ‘_wcsicmp’ undeclared (first use in this function); did you mean ‘wcsncmp’?
   14 |   return ((int*)(&_wcsicmp))[argc];
      |                   ^~~~~~~~
      |                   wcsncmp
/home/standa/Desktop/Projekty/sdl2-vulkan-engine/cmake-build-release/CMakeFiles/CMakeTmp/CheckSymbolExists.c:14:19: note: each undeclared identifier is reported only once for each function it appears in
ninja: build stopped: subcommand failed.


File /home/standa/Desktop/Projekty/sdl2-vulkan-engine/cmake-build-release/CMakeFiles/CMakeTmp/CheckSymbolExists.c:
/* */
#include <stddef.h>
#include <stdarg.h>
#include <stdlib.h>
#include <string.h>
#include <stdio.h>
#include <wchar.h>
#include <float.h>

int main(int argc, char** argv)
{
  (void)argv;
#ifndef _wcsicmp
  return ((int*)(&_wcsicmp))[argc];
#else
  (void)argc;
  return 0;
#endif
}
Determining if the _wcsnicmp exist failed with the following output:
Change Dir: /home/standa/Desktop/Projekty/sdl2-vulkan-engine/cmake-build-release/CMakeFiles/CMakeTmp

Run Build Command(s):/home/standa/.local/share/JetBrains/Toolbox/apps/CLion/ch-0/223.8617.54/bin/ninja/linux/x64/ninja cmTC_06a40 && [1/2] Building C object CMakeFiles/cmTC_06a40.dir/CheckSymbolExists.c.o
FAILED: CMakeFiles/cmTC_06a40.dir/CheckSymbolExists.c.o 
/usr/bin/cc   -idirafter "/home/standa/Desktop/Projekty/sdl2-vulkan-engine/libs/sdl/src/video/khronos"  -fdiagnostics-color=always -o CMakeFiles/cmTC_06a40.dir/CheckSymbolExists.c.o -c /home/standa/Desktop/Projekty/sdl2-vulkan-engine/cmake-build-release/CMakeFiles/CMakeTmp/CheckSymbolExists.c
/home/standa/Desktop/Projekty/sdl2-vulkan-engine/cmake-build-release/CMakeFiles/CMakeTmp/CheckSymbolExists.c: In function ‘main’:
/home/standa/Desktop/Projekty/sdl2-vulkan-engine/cmake-build-release/CMakeFiles/CMakeTmp/CheckSymbolExists.c:14:19: error: ‘_wcsnicmp’ undeclared (first use in this function); did you mean ‘wcsncmp’?
   14 |   return ((int*)(&_wcsnicmp))[argc];
      |                   ^~~~~~~~~
      |                   wcsncmp
/home/standa/Desktop/Projekty/sdl2-vulkan-engine/cmake-build-release/CMakeFiles/CMakeTmp/CheckSymbolExists.c:14:19: note: each undeclared identifier is reported only once for each function it appears in
ninja: build stopped: subcommand failed.


File /home/standa/Desktop/Projekty/sdl2-vulkan-engine/cmake-build-release/CMakeFiles/CMakeTmp/CheckSymbolExists.c:
/* */
#include <stddef.h>
#include <stdarg.h>
#include <stdlib.h>
#include <string.h>
#include <stdio.h>
#include <wchar.h>
#include <float.h>

int main(int argc, char** argv)
{
  (void)argv;
#ifndef _wcsnicmp
  return ((int*)(&_wcsnicmp))[argc];
#else
  (void)argc;
  return 0;
#endif
}
Determining if the fopen64 exist failed with the following output:
Change Dir: /home/standa/Desktop/Projekty/sdl2-vulkan-engine/cmake-build-release/CMakeFiles/CMakeTmp

Run Build Command(s):/home/standa/.local/share/JetBrains/Toolbox/apps/CLion/ch-0/223.8617.54/bin/ninja/linux/x64/ninja cmTC_bee45 && [1/2] Building C object CMakeFiles/cmTC_bee45.dir/CheckSymbolExists.c.o
FAILED: CMakeFiles/cmTC_bee45.dir/CheckSymbolExists.c.o 
/usr/bin/cc   -idirafter "/home/standa/Desktop/Projekty/sdl2-vulkan-engine/libs/sdl/src/video/khronos"  -fdiagnostics-color=always -o CMakeFiles/cmTC_bee45.dir/CheckSymbolExists.c.o -c /home/standa/Desktop/Projekty/sdl2-vulkan-engine/cmake-build-release/CMakeFiles/CMakeTmp/CheckSymbolExists.c
/home/standa/Desktop/Projekty/sdl2-vulkan-engine/cmake-build-release/CMakeFiles/CMakeTmp/CheckSymbolExists.c: In function ‘main’:
/home/standa/Desktop/Projekty/sdl2-vulkan-engine/cmake-build-release/CMakeFiles/CMakeTmp/CheckSymbolExists.c:14:19: error: ‘fopen64’ undeclared (first use in this function); did you mean ‘fopen’?
   14 |   return ((int*)(&fopen64))[argc];
      |                   ^~~~~~~
      |                   fopen
/home/standa/Desktop/Projekty/sdl2-vulkan-engine/cmake-build-release/CMakeFiles/CMakeTmp/CheckSymbolExists.c:14:19: note: each undeclared identifier is reported only once for each function it appears in
ninja: build stopped: subcommand failed.


File /home/standa/Desktop/Projekty/sdl2-vulkan-engine/cmake-build-release/CMakeFiles/CMakeTmp/CheckSymbolExists.c:
/* */
#include <stddef.h>
#include <stdarg.h>
#include <stdlib.h>
#include <string.h>
#include <stdio.h>
#include <wchar.h>
#include <float.h>

int main(int argc, char** argv)
{
  (void)argv;
#ifndef fopen64
  return ((int*)(&fopen64))[argc];
#else
  (void)argc;
  return 0;
#endif
}
Determining if the fseeko64 exist failed with the following output:
Change Dir: /home/standa/Desktop/Projekty/sdl2-vulkan-engine/cmake-build-release/CMakeFiles/CMakeTmp

Run Build Command(s):/home/standa/.local/share/JetBrains/Toolbox/apps/CLion/ch-0/223.8617.54/bin/ninja/linux/x64/ninja cmTC_678fb && [1/2] Building C object CMakeFiles/cmTC_678fb.dir/CheckSymbolExists.c.o
FAILED: CMakeFiles/cmTC_678fb.dir/CheckSymbolExists.c.o 
/usr/bin/cc   -idirafter "/home/standa/Desktop/Projekty/sdl2-vulkan-engine/libs/sdl/src/video/khronos"  -fdiagnostics-color=always -o CMakeFiles/cmTC_678fb.dir/CheckSymbolExists.c.o -c /home/standa/Desktop/Projekty/sdl2-vulkan-engine/cmake-build-release/CMakeFiles/CMakeTmp/CheckSymbolExists.c
/home/standa/Desktop/Projekty/sdl2-vulkan-engine/cmake-build-release/CMakeFiles/CMakeTmp/CheckSymbolExists.c: In function ‘main’:
/home/standa/Desktop/Projekty/sdl2-vulkan-engine/cmake-build-release/CMakeFiles/CMakeTmp/CheckSymbolExists.c:14:19: error: ‘fseeko64’ undeclared (first use in this function); did you mean ‘fseeko’?
   14 |   return ((int*)(&fseeko64))[argc];
      |                   ^~~~~~~~
      |                   fseeko
/home/standa/Desktop/Projekty/sdl2-vulkan-engine/cmake-build-release/CMakeFiles/CMakeTmp/CheckSymbolExists.c:14:19: note: each undeclared identifier is reported only once for each function it appears in
ninja: build stopped: subcommand failed.


File /home/standa/Desktop/Projekty/sdl2-vulkan-engine/cmake-build-release/CMakeFiles/CMakeTmp/CheckSymbolExists.c:
/* */
#include <stddef.h>
#include <stdarg.h>
#include <stdlib.h>
#include <string.h>
#include <stdio.h>
#include <wchar.h>
#include <float.h>

int main(int argc, char** argv)
{
  (void)argv;
#ifndef fseeko64
  return ((int*)(&fseeko64))[argc];
#else
  (void)argc;
  return 0;
#endif
}
Determining if the sysctlbyname exist failed with the following output:
Change Dir: /home/standa/Desktop/Projekty/sdl2-vulkan-engine/cmake-build-release/CMakeFiles/CMakeTmp

Run Build Command(s):/home/standa/.local/share/JetBrains/Toolbox/apps/CLion/ch-0/223.8617.54/bin/ninja/linux/x64/ninja cmTC_1a50f && [1/2] Building C object CMakeFiles/cmTC_1a50f.dir/CheckSymbolExists.c.o
FAILED: CMakeFiles/cmTC_1a50f.dir/CheckSymbolExists.c.o 
/usr/bin/cc   -idirafter "/home/standa/Desktop/Projekty/sdl2-vulkan-engine/libs/sdl/src/video/khronos"  -fdiagnostics-color=always -o CMakeFiles/cmTC_1a50f.dir/CheckSymbolExists.c.o -c /home/standa/Desktop/Projekty/sdl2-vulkan-engine/cmake-build-release/CMakeFiles/CMakeTmp/CheckSymbolExists.c
/home/standa/Desktop/Projekty/sdl2-vulkan-engine/cmake-build-release/CMakeFiles/CMakeTmp/CheckSymbolExists.c:3:10: fatal error: sys/sysctl.h: No such file or directory
    3 | #include <sys/sysctl.h>
      |          ^~~~~~~~~~~~~~
compilation terminated.
ninja: build stopped: subcommand failed.


File /home/standa/Desktop/Projekty/sdl2-vulkan-engine/cmake-build-release/CMakeFiles/CMakeTmp/CheckSymbolExists.c:
/* */
#include <sys/types.h>
#include <sys/sysctl.h>

int main(int argc, char** argv)
{
  (void)argv;
#ifndef sysctlbyname
  return ((int*)(&sysctlbyname))[argc];
#else
  (void)argc;
  return 0;
#endif
}
Determining if the elf_aux_info exist failed with the following output:
Change Dir: /home/standa/Desktop/Projekty/sdl2-vulkan-engine/cmake-build-release/CMakeFiles/CMakeTmp

Run Build Command(s):/home/standa/.local/share/JetBrains/Toolbox/apps/CLion/ch-0/223.8617.54/bin/ninja/linux/x64/ninja cmTC_ac332 && [1/2] Building C object CMakeFiles/cmTC_ac332.dir/CheckSymbolExists.c.o
FAILED: CMakeFiles/cmTC_ac332.dir/CheckSymbolExists.c.o 
/usr/bin/cc   -idirafter "/home/standa/Desktop/Projekty/sdl2-vulkan-engine/libs/sdl/src/video/khronos"  -fdiagnostics-color=always -o CMakeFiles/cmTC_ac332.dir/CheckSymbolExists.c.o -c /home/standa/Desktop/Projekty/sdl2-vulkan-engine/cmake-build-release/CMakeFiles/CMakeTmp/CheckSymbolExists.c
/home/standa/Desktop/Projekty/sdl2-vulkan-engine/cmake-build-release/CMakeFiles/CMakeTmp/CheckSymbolExists.c: In function ‘main’:
/home/standa/Desktop/Projekty/sdl2-vulkan-engine/cmake-build-release/CMakeFiles/CMakeTmp/CheckSymbolExists.c:8:19: error: ‘elf_aux_info’ undeclared (first use in this function)
    8 |   return ((int*)(&elf_aux_info))[argc];
      |                   ^~~~~~~~~~~~
/home/standa/Desktop/Projekty/sdl2-vulkan-engine/cmake-build-release/CMakeFiles/CMakeTmp/CheckSymbolExists.c:8:19: note: each undeclared identifier is reported only once for each function it appears in
ninja: build stopped: subcommand failed.


File /home/standa/Desktop/Projekty/sdl2-vulkan-engine/cmake-build-release/CMakeFiles/CMakeTmp/CheckSymbolExists.c:
/* */
#include <sys/auxv.h>

int main(int argc, char** argv)
{
  (void)argv;
#ifndef elf_aux_info
  return ((int*)(&elf_aux_info))[argc];
#else
  (void)argc;
  return 0;
#endif
}
Determining if the function iconv_open exists in the iconv failed with the following output:
Change Dir: /home/standa/Desktop/Projekty/sdl2-vulkan-engine/cmake-build-release/CMakeFiles/CMakeTmp

Run Build Command(s):/home/standa/.local/share/JetBrains/Toolbox/apps/CLion/ch-0/223.8617.54/bin/ninja/linux/x64/ninja cmTC_e514f && [1/2] Building C object CMakeFiles/cmTC_e514f.dir/CheckFunctionExists.c.o
[2/2] Linking C executable cmTC_e514f
FAILED: cmTC_e514f 
: && /usr/bin/cc -idirafter "/home/standa/Desktop/Projekty/sdl2-vulkan-engine/libs/sdl/src/video/khronos" -DCHECK_FUNCTION_EXISTS=iconv_open -rdynamic CMakeFiles/cmTC_e514f.dir/CheckFunctionExists.c.o -o cmTC_e514f  -liconv && :
/usr/bin/ld: cannot find -liconv: No such file or directory
collect2: error: ld returned 1 exit status
ninja: build stopped: subcommand failed.



Determining if the alloca exist failed with the following output:
Change Dir: /home/standa/Desktop/Projekty/sdl2-vulkan-engine/cmake-build-release/CMakeFiles/CMakeTmp

Run Build Command(s):/home/standa/.local/share/JetBrains/Toolbox/apps/CLion/ch-0/223.8617.54/bin/ninja/linux/x64/ninja cmTC_45885 && [1/2] Building C object CMakeFiles/cmTC_45885.dir/CheckSymbolExists.c.o
FAILED: CMakeFiles/cmTC_45885.dir/CheckSymbolExists.c.o 
/usr/bin/cc   -idirafter "/home/standa/Desktop/Projekty/sdl2-vulkan-engine/libs/sdl/src/video/khronos"  -fdiagnostics-color=always -o CMakeFiles/cmTC_45885.dir/CheckSymbolExists.c.o -c /home/standa/Desktop/Projekty/sdl2-vulkan-engine/cmake-build-release/CMakeFiles/CMakeTmp/CheckSymbolExists.c
/home/standa/Desktop/Projekty/sdl2-vulkan-engine/cmake-build-release/CMakeFiles/CMakeTmp/CheckSymbolExists.c: In function ‘main’:
/home/standa/Desktop/Projekty/sdl2-vulkan-engine/cmake-build-release/CMakeFiles/CMakeTmp/CheckSymbolExists.c:8:19: error: ‘alloca’ undeclared (first use in this function); did you mean ‘valloc’?
    8 |   return ((int*)(&alloca))[argc];
      |                   ^~~~~~
      |                   valloc
/home/standa/Desktop/Projekty/sdl2-vulkan-engine/cmake-build-release/CMakeFiles/CMakeTmp/CheckSymbolExists.c:8:19: note: each undeclared identifier is reported only once for each function it appears in
ninja: build stopped: subcommand failed.


File /home/standa/Desktop/Projekty/sdl2-vulkan-engine/cmake-build-release/CMakeFiles/CMakeTmp/CheckSymbolExists.c:
/* */
#include <malloc.h>

int main(int argc, char** argv)
{
  (void)argv;
#ifndef alloca
  return ((int*)(&alloca))[argc];
#else
  (void)argc;
  return 0;
#endif
}
Determining if the include file audio/audiolib.h exists failed with the following output:
Change Dir: /home/standa/Desktop/Projekty/sdl2-vulkan-engine/cmake-build-release/CMakeFiles/CMakeTmp

Run Build Command(s):/home/standa/.local/share/JetBrains/Toolbox/apps/CLion/ch-0/223.8617.54/bin/ninja/linux/x64/ninja cmTC_f5064 && [1/2] Building C object CMakeFiles/cmTC_f5064.dir/CheckIncludeFile.c.o
FAILED: CMakeFiles/cmTC_f5064.dir/CheckIncludeFile.c.o 
/usr/bin/cc   -idirafter "/home/standa/Desktop/Projekty/sdl2-vulkan-engine/libs/sdl/src/video/khronos"  -fdiagnostics-color=always -o CMakeFiles/cmTC_f5064.dir/CheckIncludeFile.c.o -c /home/standa/Desktop/Projekty/sdl2-vulkan-engine/cmake-build-release/CMakeFiles/CMakeTmp/CheckIncludeFile.c
/home/standa/Desktop/Projekty/sdl2-vulkan-engine/cmake-build-release/CMakeFiles/CMakeTmp/CheckIncludeFile.c:1:10: fatal error: audio/audiolib.h: No such file or directory
    1 | #include <audio/audiolib.h>
      |          ^~~~~~~~~~~~~~~~~~
compilation terminated.
ninja: build stopped: subcommand failed.



Performing C SOURCE FILE Test HAVE_RPI failed with the following output:
Change Dir: /home/standa/Desktop/Projekty/sdl2-vulkan-engine/cmake-build-release/CMakeFiles/CMakeTmp

Run Build Command(s):/home/standa/.local/share/JetBrains/Toolbox/apps/CLion/ch-0/223.8617.54/bin/ninja/linux/x64/ninja cmTC_1ece2 && [1/2] Building C object CMakeFiles/cmTC_1ece2.dir/src.c.o
FAILED: CMakeFiles/cmTC_1ece2.dir/src.c.o 
/usr/bin/cc -DHAVE_RPI  -idirafter "/home/standa/Desktop/Projekty/sdl2-vulkan-engine/libs/sdl/src/video/khronos"   -I/opt/vc/include -I/opt/vc/include/interface/vcos/pthreads -I/opt/vc/include/interface/vmcs_host/linux/  -L/opt/vc/lib -fdiagnostics-color=always -o CMakeFiles/cmTC_1ece2.dir/src.c.o -c /home/standa/Desktop/Projekty/sdl2-vulkan-engine/cmake-build-release/CMakeFiles/CMakeTmp/src.c
/home/standa/Desktop/Projekty/sdl2-vulkan-engine/cmake-build-release/CMakeFiles/CMakeTmp/src.c:2:18: fatal error: bcm_host.h: No such file or directory
    2 |         #include <bcm_host.h>
      |                  ^~~~~~~~~~~~
compilation terminated.
ninja: build stopped: subcommand failed.


Source file was:

        #include <bcm_host.h>
        #include <EGL/eglplatform.h>
        int main(int argc, char **argv) {
          EGL_DISPMANX_WINDOW_T window;
          bcm_host_init();
        }
Performing C SOURCE FILE Test HAVE_VIVANTE_VDK failed with the following output:
Change Dir: /home/standa/Desktop/Projekty/sdl2-vulkan-engine/cmake-build-release/CMakeFiles/CMakeTmp

Run Build Command(s):/home/standa/.local/share/JetBrains/Toolbox/apps/CLion/ch-0/223.8617.54/bin/ninja/linux/x64/ninja cmTC_32796 && [1/2] Building C object CMakeFiles/cmTC_32796.dir/src.c.o
FAILED: CMakeFiles/cmTC_32796.dir/src.c.o 
/usr/bin/cc -DHAVE_VIVANTE_VDK  -idirafter "/home/standa/Desktop/Projekty/sdl2-vulkan-engine/libs/sdl/src/video/khronos"  -fdiagnostics-color=always -o CMakeFiles/cmTC_32796.dir/src.c.o -c /home/standa/Desktop/Projekty/sdl2-vulkan-engine/cmake-build-release/CMakeFiles/CMakeTmp/src.c
/home/standa/Desktop/Projekty/sdl2-vulkan-engine/cmake-build-release/CMakeFiles/CMakeTmp/src.c:2:18: fatal error: gc_vdk.h: No such file or directory
    2 |         #include <gc_vdk.h>
      |                  ^~~~~~~~~~
compilation terminated.
ninja: build stopped: subcommand failed.


Source file was:

        #include <gc_vdk.h>
        int main(int argc, char** argv) { return 0; }
Performing C SOURCE FILE Test HAVE_VIVANTE_EGL_FB failed with the following output:
Change Dir: /home/standa/Desktop/Projekty/sdl2-vulkan-engine/cmake-build-release/CMakeFiles/CMakeTmp

Run Build Command(s):/home/standa/.local/share/JetBrains/Toolbox/apps/CLion/ch-0/223.8617.54/bin/ninja/linux/x64/ninja cmTC_1130d && [1/2] Building C object CMakeFiles/cmTC_1130d.dir/src.c.o
FAILED: CMakeFiles/cmTC_1130d.dir/src.c.o 
/usr/bin/cc -DHAVE_VIVANTE_EGL_FB  -idirafter "/home/standa/Desktop/Projekty/sdl2-vulkan-engine/libs/sdl/src/video/khronos"  -fdiagnostics-color=always -o CMakeFiles/cmTC_1130d.dir/src.c.o -c /home/standa/Desktop/Projekty/sdl2-vulkan-engine/cmake-build-release/CMakeFiles/CMakeTmp/src.c
/home/standa/Desktop/Projekty/sdl2-vulkan-engine/cmake-build-release/CMakeFiles/CMakeTmp/src.c:4:18: fatal error: EGL/eglvivante.h: No such file or directory
    4 |         #include <EGL/eglvivante.h>
      |                  ^~~~~~~~~~~~~~~~~~
compilation terminated.
ninja: build stopped: subcommand failed.


Source file was:

        #define LINUX
        #define EGL_API_FB
        #include <EGL/eglvivante.h>
        int main(int argc, char** argv) { return 0; }
Determining if files pthread_np.h exist failed with the following output:
Change Dir: /home/standa/Desktop/Projekty/sdl2-vulkan-engine/cmake-build-release/CMakeFiles/CMakeTmp

Run Build Command(s):/home/standa/.local/share/JetBrains/Toolbox/apps/CLion/ch-0/223.8617.54/bin/ninja/linux/x64/ninja cmTC_e0183 && [1/2] Building C object CMakeFiles/cmTC_e0183.dir/HAVE_PTHREAD_NP_H.c.o
FAILED: CMakeFiles/cmTC_e0183.dir/HAVE_PTHREAD_NP_H.c.o 
/usr/bin/cc   -idirafter "/home/standa/Desktop/Projekty/sdl2-vulkan-engine/libs/sdl/src/video/khronos" -I/usr/include/libusb-1.0  -D_REENTRANT -pthread -fdiagnostics-color=always -o CMakeFiles/cmTC_e0183.dir/HAVE_PTHREAD_NP_H.c.o -c /home/standa/Desktop/Projekty/sdl2-vulkan-engine/cmake-build-release/CMakeFiles/CheckIncludeFiles/HAVE_PTHREAD_NP_H.c
/home/standa/Desktop/Projekty/sdl2-vulkan-engine/cmake-build-release/CMakeFiles/CheckIncludeFiles/HAVE_PTHREAD_NP_H.c:2:10: fatal error: pthread_np.h: No such file or directory
    2 | #include <pthread_np.h>
      |          ^~~~~~~~~~~~~~
compilation terminated.
ninja: build stopped: subcommand failed.


Source:
/* */
#include <pthread_np.h>


int main(void){return 0;}

Determining if the include file samplerate.h exists failed with the following output:
Change Dir: /home/standa/Desktop/Projekty/sdl2-vulkan-engine/cmake-build-release/CMakeFiles/CMakeTmp

Run Build Command(s):/home/standa/.local/share/JetBrains/Toolbox/apps/CLion/ch-0/223.8617.54/bin/ninja/linux/x64/ninja cmTC_4bc42 && [1/2] Building C object CMakeFiles/cmTC_4bc42.dir/CheckIncludeFile.c.o
FAILED: CMakeFiles/cmTC_4bc42.dir/CheckIncludeFile.c.o 
/usr/bin/cc   -idirafter "/home/standa/Desktop/Projekty/sdl2-vulkan-engine/libs/sdl/src/video/khronos" -I/usr/include/libusb-1.0 -DHAVE_LINUX_VERSION_H  -fdiagnostics-color=always -o CMakeFiles/cmTC_4bc42.dir/CheckIncludeFile.c.o -c /home/standa/Desktop/Projekty/sdl2-vulkan-engine/cmake-build-release/CMakeFiles/CMakeTmp/CheckIncludeFile.c
/home/standa/Desktop/Projekty/sdl2-vulkan-engine/cmake-build-release/CMakeFiles/CMakeTmp/CheckIncludeFile.c:1:10: fatal error: samplerate.h: No such file or directory
    1 | #include <samplerate.h>
      |          ^~~~~~~~~~~~~~
compilation terminated.
ninja: build stopped: subcommand failed.



